<?xml version="1.0" encoding="UTF-8"?>
<testng-results ignored="0" total="1" passed="1" failed="0" skipped="0">
  <reporter-output>
  </reporter-output>
  <suite started-at="2025-04-25T21:47:27 WIB" name="Gmail Automation Suite" finished-at="2025-04-25T21:47:53 WIB" duration-ms="25885">
    <groups>
    </groups>
    <test started-at="2025-04-25T21:47:27 WIB" name="Delete Email Test" finished-at="2025-04-25T21:47:53 WIB" duration-ms="25885">
      <class name="com.chromer.GmailDeleteTest">
        <test-method is-config="true" signature="setUp()[pri:0, instance:com.chromer.GmailDeleteTest@1afd44cb]" started-at="2025-04-25T21:47:27 WIB" name="setUp" finished-at="2025-04-25T21:47:28 WIB" duration-ms="988" status="PASS">
          <reporter-output>
          </reporter-output>
        </test-method> <!-- setUp -->
        <test-method signature="deleteEmailFromGmail()[pri:0, instance:com.chromer.GmailDeleteTest@1afd44cb]" started-at="2025-04-25T21:47:28 WIB" name="deleteEmailFromGmail" finished-at="2025-04-25T21:47:53 WIB" duration-ms="24593" status="PASS">
          <reporter-output>
          </reporter-output>
        </test-method> <!-- deleteEmailFromGmail -->
        <test-method is-config="true" signature="tearDown()[pri:0, instance:com.chromer.GmailDeleteTest@1afd44cb]" started-at="2025-04-25T21:47:53 WIB" name="tearDown" finished-at="2025-04-25T21:47:53 WIB" duration-ms="281" status="PASS">
          <reporter-output>
          </reporter-output>
        </test-method> <!-- tearDown -->
      </class> <!-- com.chromer.GmailDeleteTest -->
    </test> <!-- Delete Email Test -->
  </suite> <!-- Gmail Automation Suite -->
</testng-results>
